<?xml version="1.0" encoding="UTF-8"?>
<!-- Generated by org.testng.reporters.JUnitXMLReporter -->
<testsuite ignored="0" hostname="demo" failures="1" tests="2" name="Test" time="19.834" errors="0" timestamp="2025-03-12T11:06:17 IST">
  <testcase classname="testCases.TC_002_LoginTest" name="verify_login" time="10.978">
    <failure type="java.lang.AssertionError" message="Login failed expected [true] but found [false]">
      <![CDATA[java.lang.AssertionError: Login failed expected [true] but found [false]
at testCases.TC_002_LoginTest.verify_login(TC_002_LoginTest.java:42)
at java.base/java.util.ArrayList.forEach(ArrayList.java:1596)
... Removed 31 stack frames]]>
    </failure>
  </testcase> <!-- verify_login -->
  <testcase classname="testCases.TC_001_AccountRegistartionAccount" name="verify_account_registration" time="1.668"/>
</testsuite> <!-- Test -->
